(MainThread) 200314_17:33:33.888 ERROR wrapper.py:56 ERROR -1 2104 La conexión al centro de datos funciona correctamente:usfarm.nj
(MainThread) 200314_17:33:33.889 ERROR wrapper.py:56 ERROR -1 2104 La conexión al centro de datos funciona correctamente:cashfarm
(MainThread) 200314_17:33:33.890 ERROR wrapper.py:56 ERROR -1 2104 La conexión al centro de datos funciona correctamente:usopt
(MainThread) 200314_17:33:33.890 ERROR wrapper.py:56 ERROR -1 2104 La conexión al centro de datos funciona correctamente:usfarm
(MainThread) 200314_17:33:33.890 ERROR wrapper.py:56 ERROR -1 2106 La conexión al centro de datos HMDS funciona correctamente:cashhmds
(MainThread) 200314_17:33:33.890 ERROR wrapper.py:56 ERROR -1 2106 La conexión al centro de datos HMDS funciona correctamente:ushmds
(MainThread) 200314_17:33:33.895 ERROR wrapper.py:56 ERROR -1 2158 Sec-def data farm connection is OK:secdefnj
(MainThread) 200314_17:33:33.896 ERROR wrapper.py:56 ERROR 4 321 Se ha producido un error al validar la solicitud:-'bN' : causa - El tamaño del valor no puede ser cero:
(MainThread) 200314_17:33:33.896 ERROR wrapper.py:56 ERROR 38 320 Se ha producido un error al leer la solicitud.Message id 38.  Orden principal pendiente: server: 0 order: 0 parent: 37 hedge:[F]
(MainThread) 200314_17:33:33.896 ERROR wrapper.py:56 ERROR 3 200 No se encuentra definición del activo solicitado
(MainThread) 200314_17:33:33.896 ERROR wrapper.py:56 ERROR 26 200 No se encuentra definición del activo solicitado
(MainThread) 200314_17:33:33.896 ERROR wrapper.py:56 ERROR 35 103 Duplicar el ID de la orden
(MainThread) 200314_17:33:33.897 ERROR wrapper.py:56 ERROR 36 103 Duplicar el ID de la orden
(MainThread) 200314_17:33:33.897 ERROR wrapper.py:56 ERROR 7 200 No se encuentra definición del activo solicitado
(MainThread) 200314_17:33:33.897 ERROR wrapper.py:56 ERROR 14 200 No se encuentra definición del activo solicitado
(MainThread) 200314_17:33:33.897 ERROR wrapper.py:56 ERROR 8 200 No se encuentra definición del activo solicitado
(MainThread) 200314_17:33:33.897 ERROR wrapper.py:56 ERROR 30 200 No se encuentra definición del activo solicitado
(MainThread) 200314_17:33:33.897 ERROR wrapper.py:56 ERROR 22 200 No se encuentra definición del activo solicitado
(MainThread) 200314_17:33:33.898 ERROR wrapper.py:56 ERROR 11 200 No se encuentra definición del activo solicitado
(MainThread) 200314_17:33:34.310 ERROR wrapper.py:56 ERROR 9 10154 Este contrato no puede ser parte de la combinación: conid:323072528
(MainThread) 200314_17:33:34.316 ERROR wrapper.py:56 ERROR 40 10205 La cantidad de efectivo no puede enviarse en el campo del valor monetario del algoritmo. Pruebe de enviarla en el campo de cantidad de efectivo.
(MainThread) 200314_17:33:34.316 ERROR wrapper.py:56 ERROR 41 10205 La cantidad de efectivo no puede enviarse en el campo del valor monetario del algoritmo. Pruebe de enviarla en el campo de cantidad de efectivo.
(MainThread) 200314_17:33:34.317 ERROR wrapper.py:56 ERROR 44 10205 La cantidad de efectivo no puede enviarse en el campo del valor monetario del algoritmo. Pruebe de enviarla en el campo de cantidad de efectivo.
(MainThread) 200314_17:33:34.318 ERROR wrapper.py:56 ERROR 45 10205 La cantidad de efectivo no puede enviarse en el campo del valor monetario del algoritmo. Pruebe de enviarla en el campo de cantidad de efectivo.
(MainThread) 200314_17:33:34.321 ERROR wrapper.py:56 ERROR 49 10205 La cantidad de efectivo no puede enviarse en el campo del valor monetario del algoritmo. Pruebe de enviarla en el campo de cantidad de efectivo.
(MainThread) 200314_17:33:34.328 ERROR wrapper.py:56 ERROR 50 10205 La cantidad de efectivo no puede enviarse en el campo del valor monetario del algoritmo. Pruebe de enviarla en el campo de cantidad de efectivo.
(MainThread) 200314_17:33:34.328 ERROR wrapper.py:56 ERROR 51 10205 La cantidad de efectivo no puede enviarse en el campo del valor monetario del algoritmo. Pruebe de enviarla en el campo de cantidad de efectivo.
(MainThread) 200314_17:33:34.329 ERROR wrapper.py:56 ERROR 52 10205 La cantidad de efectivo no puede enviarse en el campo del valor monetario del algoritmo. Pruebe de enviarla en el campo de cantidad de efectivo.
(MainThread) 200314_17:33:34.329 ERROR wrapper.py:56 ERROR 53 10205 La cantidad de efectivo no puede enviarse en el campo del valor monetario del algoritmo. Pruebe de enviarla en el campo de cantidad de efectivo.
(MainThread) 200314_17:33:34.333 ERROR wrapper.py:56 ERROR 46 200 No se encuentra definición del activo solicitado
(MainThread) 200314_17:33:34.335 ERROR wrapper.py:56 ERROR 47 200 No se encuentra definición del activo solicitado
(MainThread) 200314_17:33:34.393 ERROR wrapper.py:56 ERROR 55 442 El algoritmo especificado no está permitido para esta orden.
(MainThread) 200314_17:33:34.407 ERROR wrapper.py:56 ERROR 54 442 El algoritmo especificado no está permitido para esta orden.
(MainThread) 200314_17:33:34.981 ERROR wrapper.py:56 ERROR 56 442 El algoritmo especificado no está permitido para esta orden.
(MainThread) 200314_17:33:45.634 ERROR wrapper.py:56 ERROR 32 202 Orden cancelada. Motivo:
(MainThread) 200314_17:33:45.636 ERROR wrapper.py:56 ERROR 33 202 Orden cancelada. Motivo:
(MainThread) 200314_17:33:45.637 ERROR wrapper.py:56 ERROR 1 201 Orden rechazada. Motivo:Dear Trader, Because you fall within the definition of a "Pattern Day Trader" under NYSE and NASD rules, the required minimum equity in the securities segment of your Universal Account is $25,000. Your order was rejected because you have $1500 in your securities segment. Please deposit additional funds to cover the requirement.
If your account was flagged as a PDT, and it is not your intent to day trade in this account, you can request the removal of the PDT flag using our <a href="sso://action=PDTRESET_STATUSCHECKED&service=AM.LOGIN&webaccess=true">PDT status reset tool</a> available within account management.
Please see <a href="https://ibkb.interactivebrokers.com/article/193">our website</a> for more information on margin and day trading rules.
(MainThread) 200314_17:33:45.644 ERROR wrapper.py:56 ERROR 13 201 Orden rechazada. Motivo:Dear Trader, Because you fall within the definition of a "Pattern Day Trader" under NYSE and NASD rules, the required minimum equity in the securities segment of your Universal Account is $25,000. Your order was rejected because you have $1500 in your securities segment. Please deposit additional funds to cover the requirement.
If your account was flagged as a PDT, and it is not your intent to day trade in this account, you can request the removal of the PDT flag using our <a href="sso://action=PDTRESET_STATUSCHECKED&service=AM.LOGIN&webaccess=true">PDT status reset tool</a> available within account management.
Please see <a href="https://ibkb.interactivebrokers.com/article/193">our website</a> for more information on margin and day trading rules.
(MainThread) 200314_17:33:45.650 ERROR wrapper.py:56 ERROR 15 201 Orden rechazada. Motivo:Dear Trader, Because you fall within the definition of a "Pattern Day Trader" under NYSE and NASD rules, the required minimum equity in the securities segment of your Universal Account is $25,000. Your order was rejected because you have $1500 in your securities segment. Please deposit additional funds to cover the requirement.
If your account was flagged as a PDT, and it is not your intent to day trade in this account, you can request the removal of the PDT flag using our <a href="sso://action=PDTRESET_STATUSCHECKED&service=AM.LOGIN&webaccess=true">PDT status reset tool</a> available within account management.
Please see <a href="https://ibkb.interactivebrokers.com/article/193">our website</a> for more information on margin and day trading rules.
(MainThread) 200314_17:33:45.871 ERROR wrapper.py:56 ERROR -2 202 Orden cancelada. Motivo:
(MainThread) 200314_17:33:46.104 ERROR wrapper.py:56 ERROR 5 201 Orden rechazada. Motivo:Dear Trader, Because you fall within the definition of a "Pattern Day Trader" under NYSE and NASD rules, the required minimum equity in the securities segment of your Universal Account is $25,000. Your order was rejected because you have $1500 in your securities segment. Please deposit additional funds to cover the requirement.
If your account was flagged as a PDT, and it is not your intent to day trade in this account, you can request the removal of the PDT flag using our <a href="sso://action=PDTRESET_STATUSCHECKED&service=AM.LOGIN&webaccess=true">PDT status reset tool</a> available within account management.
Please see <a href="https://ibkb.interactivebrokers.com/article/193">our website</a> for more information on margin and day trading rules.
(MainThread) 200314_17:33:46.112 ERROR wrapper.py:56 ERROR 31 201 Orden rechazada. Motivo:Dear Trader, Because you fall within the definition of a "Pattern Day Trader" under NYSE and NASD rules, the required minimum equity in the securities segment of your Universal Account is $25,000. Your order was rejected because you have $1500 in your securities segment. Please deposit additional funds to cover the requirement.
If your account was flagged as a PDT, and it is not your intent to day trade in this account, you can request the removal of the PDT flag using our <a href="sso://action=PDTRESET_STATUSCHECKED&service=AM.LOGIN&webaccess=true">PDT status reset tool</a> available within account management.
Please see <a href="https://ibkb.interactivebrokers.com/article/193">our website</a> for more information on margin and day trading rules.
(MainThread) 200314_17:33:46.121 ERROR wrapper.py:56 ERROR 16 201 Orden rechazada. Motivo:Dear Trader, Because you fall within the definition of a "Pattern Day Trader" under NYSE and NASD rules, the required minimum equity in the securities segment of your Universal Account is $25,000. Your order was rejected because you have $1500 in your securities segment. Please deposit additional funds to cover the requirement.
If your account was flagged as a PDT, and it is not your intent to day trade in this account, you can request the removal of the PDT flag using our <a href="sso://action=PDTRESET_STATUSCHECKED&service=AM.LOGIN&webaccess=true">PDT status reset tool</a> available within account management.
Please see <a href="https://ibkb.interactivebrokers.com/article/193">our website</a> for more information on margin and day trading rules.
(MainThread) 200314_17:33:46.528 ERROR wrapper.py:56 ERROR 17 201 Orden rechazada. Motivo:Dear Trader, Because you fall within the definition of a "Pattern Day Trader" under NYSE and NASD rules, the required minimum equity in the securities segment of your Universal Account is $25,000. Your order was rejected because you have $1500 in your securities segment. Please deposit additional funds to cover the requirement.
If your account was flagged as a PDT, and it is not your intent to day trade in this account, you can request the removal of the PDT flag using our <a href="sso://action=PDTRESET_STATUSCHECKED&service=AM.LOGIN&webaccess=true">PDT status reset tool</a> available within account management.
Please see <a href="https://ibkb.interactivebrokers.com/article/193">our website</a> for more information on margin and day trading rules.
(MainThread) 200314_17:33:46.537 ERROR wrapper.py:56 ERROR 18 201 Orden rechazada. Motivo:Dear Trader, Because you fall within the definition of a "Pattern Day Trader" under NYSE and NASD rules, the required minimum equity in the securities segment of your Universal Account is $25,000. Your order was rejected because you have $1500 in your securities segment. Please deposit additional funds to cover the requirement.
If your account was flagged as a PDT, and it is not your intent to day trade in this account, you can request the removal of the PDT flag using our <a href="sso://action=PDTRESET_STATUSCHECKED&service=AM.LOGIN&webaccess=true">PDT status reset tool</a> available within account management.
Please see <a href="https://ibkb.interactivebrokers.com/article/193">our website</a> for more information on margin and day trading rules.
(MainThread) 200314_17:33:46.547 ERROR wrapper.py:56 ERROR 19 201 Orden rechazada. Motivo:Dear Trader, Because you fall within the definition of a "Pattern Day Trader" under NYSE and NASD rules, the required minimum equity in the securities segment of your Universal Account is $25,000. Your order was rejected because you have $1500 in your securities segment. Please deposit additional funds to cover the requirement.
If your account was flagged as a PDT, and it is not your intent to day trade in this account, you can request the removal of the PDT flag using our <a href="sso://action=PDTRESET_STATUSCHECKED&service=AM.LOGIN&webaccess=true">PDT status reset tool</a> available within account management.
Please see <a href="https://ibkb.interactivebrokers.com/article/193">our website</a> for more information on margin and day trading rules.
(MainThread) 200314_17:33:46.814 ERROR wrapper.py:56 ERROR 20 201 Orden rechazada. Motivo:Dear Trader, Because you fall within the definition of a "Pattern Day Trader" under NYSE and NASD rules, the required minimum equity in the securities segment of your Universal Account is $25,000. Your order was rejected because you have $1500 in your securities segment. Please deposit additional funds to cover the requirement.
If your account was flagged as a PDT, and it is not your intent to day trade in this account, you can request the removal of the PDT flag using our <a href="sso://action=PDTRESET_STATUSCHECKED&service=AM.LOGIN&webaccess=true">PDT status reset tool</a> available within account management.
Please see <a href="https://ibkb.interactivebrokers.com/article/193">our website</a> for more information on margin and day trading rules.
(MainThread) 200314_17:33:46.818 ERROR wrapper.py:56 ERROR -1 1100 Conectividad entre IB y TWS ha sido perdida
(MainThread) 200314_17:33:46.819 ERROR wrapper.py:56 ERROR 21 201 Orden rechazada. Motivo:Dear Trader, Because you fall within the definition of a "Pattern Day Trader" under NYSE and NASD rules, the required minimum equity in the securities segment of your Universal Account is $25,000. Your order was rejected because you have $1500 in your securities segment. Please deposit additional funds to cover the requirement.
If your account was flagged as a PDT, and it is not your intent to day trade in this account, you can request the removal of the PDT flag using our <a href="sso://action=PDTRESET_STATUSCHECKED&service=AM.LOGIN&webaccess=true">PDT status reset tool</a> available within account management.
Please see <a href="https://ibkb.interactivebrokers.com/article/193">our website</a> for more information on margin and day trading rules.
(MainThread) 200314_17:33:46.823 ERROR wrapper.py:56 ERROR 23 201 Orden rechazada. Motivo:Dear Trader, Because you fall within the definition of a "Pattern Day Trader" under NYSE and NASD rules, the required minimum equity in the securities segment of your Universal Account is $25,000. Your order was rejected because you have $1500 in your securities segment. Please deposit additional funds to cover the requirement.
If your account was flagged as a PDT, and it is not your intent to day trade in this account, you can request the removal of the PDT flag using our <a href="sso://action=PDTRESET_STATUSCHECKED&service=AM.LOGIN&webaccess=true">PDT status reset tool</a> available within account management.
Please see <a href="https://ibkb.interactivebrokers.com/article/193">our website</a> for more information on margin and day trading rules.
(MainThread) 200314_17:33:46.826 ERROR wrapper.py:56 ERROR 24 201 Orden rechazada. Motivo:Dear Trader, Because you fall within the definition of a "Pattern Day Trader" under NYSE and NASD rules, the required minimum equity in the securities segment of your Universal Account is $25,000. Your order was rejected because you have $1500 in your securities segment. Please deposit additional funds to cover the requirement.
If your account was flagged as a PDT, and it is not your intent to day trade in this account, you can request the removal of the PDT flag using our <a href="sso://action=PDTRESET_STATUSCHECKED&service=AM.LOGIN&webaccess=true">PDT status reset tool</a> available within account management.
Please see <a href="https://ibkb.interactivebrokers.com/article/193">our website</a> for more information on margin and day trading rules.
(MainThread) 200314_17:33:46.833 ERROR wrapper.py:56 ERROR 25 201 Orden rechazada. Motivo:Dear Trader, Because you fall within the definition of a "Pattern Day Trader" under NYSE and NASD rules, the required minimum equity in the securities segment of your Universal Account is $25,000. Your order was rejected because you have $1500 in your securities segment. Please deposit additional funds to cover the requirement.
If your account was flagged as a PDT, and it is not your intent to day trade in this account, you can request the removal of the PDT flag using our <a href="sso://action=PDTRESET_STATUSCHECKED&service=AM.LOGIN&webaccess=true">PDT status reset tool</a> available within account management.
Please see <a href="https://ibkb.interactivebrokers.com/article/193">our website</a> for more information on margin and day trading rules.
(MainThread) 200314_17:33:46.839 ERROR wrapper.py:56 ERROR 27 201 Orden rechazada. Motivo:Dear Trader, Because you fall within the definition of a "Pattern Day Trader" under NYSE and NASD rules, the required minimum equity in the securities segment of your Universal Account is $25,000. Your order was rejected because you have $1500 in your securities segment. Please deposit additional funds to cover the requirement.
If your account was flagged as a PDT, and it is not your intent to day trade in this account, you can request the removal of the PDT flag using our <a href="sso://action=PDTRESET_STATUSCHECKED&service=AM.LOGIN&webaccess=true">PDT status reset tool</a> available within account management.
Please see <a href="https://ibkb.interactivebrokers.com/article/193">our website</a> for more information on margin and day trading rules.
(MainThread) 200314_17:33:48.924 ERROR wrapper.py:56 ERROR -1 2103 Se ha perdido la conexión al centro de datos:eufarm
(MainThread) 200314_17:33:49.095 ERROR wrapper.py:56 ERROR 28 201 Orden rechazada. Motivo:Dear Trader, Because you fall within the definition of a "Pattern Day Trader" under NYSE and NASD rules, the required minimum equity in the securities segment of your Universal Account is $25,000. Your order was rejected because you have $1500 in your securities segment. Please deposit additional funds to cover the requirement.
If your account was flagged as a PDT, and it is not your intent to day trade in this account, you can request the removal of the PDT flag using our <a href="sso://action=PDTRESET_STATUSCHECKED&service=AM.LOGIN&webaccess=true">PDT status reset tool</a> available within account management.
Please see <a href="https://ibkb.interactivebrokers.com/article/193">our website</a> for more information on margin and day trading rules.
(MainThread) 200314_17:33:49.104 ERROR wrapper.py:56 ERROR 29 201 Orden rechazada. Motivo:Dear Trader, Because you fall within the definition of a "Pattern Day Trader" under NYSE and NASD rules, the required minimum equity in the securities segment of your Universal Account is $25,000. Your order was rejected because you have $1500 in your securities segment. Please deposit additional funds to cover the requirement.
If your account was flagged as a PDT, and it is not your intent to day trade in this account, you can request the removal of the PDT flag using our <a href="sso://action=PDTRESET_STATUSCHECKED&service=AM.LOGIN&webaccess=true">PDT status reset tool</a> available within account management.
Please see <a href="https://ibkb.interactivebrokers.com/article/193">our website</a> for more information on margin and day trading rules.
(MainThread) 200314_17:33:49.109 ERROR wrapper.py:56 ERROR 39 201 Orden rechazada. Motivo:Dear Trader, Because you fall within the definition of a "Pattern Day Trader" under NYSE and NASD rules, the required minimum equity in the securities segment of your Universal Account is $25,000. Your order was rejected because you have $1500 in your securities segment. Please deposit additional funds to cover the requirement.
If your account was flagged as a PDT, and it is not your intent to day trade in this account, you can request the removal of the PDT flag using our <a href="sso://action=PDTRESET_STATUSCHECKED&service=AM.LOGIN&webaccess=true">PDT status reset tool</a> available within account management.
Please see <a href="https://ibkb.interactivebrokers.com/article/193">our website</a> for more information on margin and day trading rules.
(MainThread) 200314_17:33:49.114 ERROR wrapper.py:56 ERROR 42 201 Orden rechazada. Motivo:Dear Trader, Because you fall within the definition of a "Pattern Day Trader" under NYSE and NASD rules, the required minimum equity in the securities segment of your Universal Account is $25,000. Your order was rejected because you have $1500 in your securities segment. Please deposit additional funds to cover the requirement.
If your account was flagged as a PDT, and it is not your intent to day trade in this account, you can request the removal of the PDT flag using our <a href="sso://action=PDTRESET_STATUSCHECKED&service=AM.LOGIN&webaccess=true">PDT status reset tool</a> available within account management.
Please see <a href="https://ibkb.interactivebrokers.com/article/193">our website</a> for more information on margin and day trading rules.
(MainThread) 200314_17:33:49.119 ERROR wrapper.py:56 ERROR 57 201 Orden rechazada. Motivo:Dear Trader, Because you fall within the definition of a "Pattern Day Trader" under NYSE and NASD rules, the required minimum equity in the securities segment of your Universal Account is $25,000. Your order was rejected because you have $1500 in your securities segment. Please deposit additional funds to cover the requirement.
If your account was flagged as a PDT, and it is not your intent to day trade in this account, you can request the removal of the PDT flag using our <a href="sso://action=PDTRESET_STATUSCHECKED&service=AM.LOGIN&webaccess=true">PDT status reset tool</a> available within account management.
Please see <a href="https://ibkb.interactivebrokers.com/article/193">our website</a> for more information on margin and day trading rules.
(MainThread) 200314_17:33:49.238 ERROR wrapper.py:56 ERROR 2 201 Orden rechazada. Motivo:No se ha introducido el número de cuenta o este no es válido.
(MainThread) 200314_17:33:49.246 ERROR wrapper.py:56 ERROR 6 201 Orden rechazada. Motivo:No se ha introducido el número de cuenta o este no es válido.
(MainThread) 200314_17:33:49.256 ERROR wrapper.py:56 ERROR 58 201 Orden rechazada. Motivo:Dear Trader, Because you fall within the definition of a "Pattern Day Trader" under NYSE and NASD rules, the required minimum equity in the securities segment of your Universal Account is $25,000. Your order was rejected because you have $1500 in your securities segment. Please deposit additional funds to cover the requirement.
If your account was flagged as a PDT, and it is not your intent to day trade in this account, you can request the removal of the PDT flag using our <a href="sso://action=PDTRESET_STATUSCHECKED&service=AM.LOGIN&webaccess=true">PDT status reset tool</a> available within account management.
Please see <a href="https://ibkb.interactivebrokers.com/article/193">our website</a> for more information on margin and day trading rules.
(MainThread) 200314_17:33:49.407 ERROR wrapper.py:56 ERROR 59 201 Orden rechazada. Motivo:Dear Trader, Because you fall within the definition of a "Pattern Day Trader" under NYSE and NASD rules, the required minimum equity in the securities segment of your Universal Account is $25,000. Your order was rejected because you have $1500 in your securities segment. Please deposit additional funds to cover the requirement.
If your account was flagged as a PDT, and it is not your intent to day trade in this account, you can request the removal of the PDT flag using our <a href="sso://action=PDTRESET_STATUSCHECKED&service=AM.LOGIN&webaccess=true">PDT status reset tool</a> available within account management.
Please see <a href="https://ibkb.interactivebrokers.com/article/193">our website</a> for more information on margin and day trading rules.
(MainThread) 200314_17:33:49.418 ERROR wrapper.py:56 ERROR 10 201 Orden rechazada. Motivo:Dear Trader, Because you fall within the definition of a "Pattern Day Trader" under NYSE and NASD rules, the required minimum equity in the securities segment of your Universal Account is $25,000. Your order was rejected because you have $1500 in your securities segment. Please deposit additional funds to cover the requirement. MCD                   
If your account was flagged as a PDT, and it is not your intent to day trade in this account, you can request the removal of the PDT flag using our <a href="sso://action=PDTRESET_STATUSCHECKED&service=AM.LOGIN&webaccess=true">PDT status reset tool</a> available within account management.
Please see <a href="https://ibkb.interactivebrokers.com/article/193">our website</a> for more information on margin and day trading rules.
(MainThread) 200314_17:33:49.431 ERROR wrapper.py:56 ERROR 12 201 Orden rechazada. Motivo:Dear Trader, Because you fall within the definition of a "Pattern Day Trader" under NYSE and NASD rules, the required minimum equity in the securities segment of your Universal Account is $25,000. Your order was rejected because you have $1500 in your securities segment. Please deposit additional funds to cover the requirement. MCD                   
If your account was flagged as a PDT, and it is not your intent to day trade in this account, you can request the removal of the PDT flag using our <a href="sso://action=PDTRESET_STATUSCHECKED&service=AM.LOGIN&webaccess=true">PDT status reset tool</a> available within account management.
Please see <a href="https://ibkb.interactivebrokers.com/article/193">our website</a> for more information on margin and day trading rules.
(MainThread) 200314_17:33:52.787 ERROR wrapper.py:56 ERROR 48 201 Orden rechazada. Motivo:Dear Trader, Because you fall within the definition of a "Pattern Day Trader" under NYSE and NASD rules, the required minimum equity in the securities segment of your Universal Account is $25,000. Your order was rejected because you have $1500 in your securities segment. Please deposit additional funds to cover the requirement.
If your account was flagged as a PDT, and it is not your intent to day trade in this account, you can request the removal of the PDT flag using our <a href="sso://action=PDTRESET_STATUSCHECKED&service=AM.LOGIN&webaccess=true">PDT status reset tool</a> available within account management.
Please see <a href="https://ibkb.interactivebrokers.com/article/193">our website</a> for more information on margin and day trading rules.
(MainThread) 200314_17:33:53.432 ERROR wrapper.py:56 ERROR -1 2104 La conexión al centro de datos funciona correctamente:eufarm
(MainThread) 200314_17:33:54.093 ERROR wrapper.py:56 ERROR -1 1102 Conectividad entre IB y TWS ha sido restaurada - datos mantenidos: Todos los centros de datos están conectados: usfarm.nj; eufarm; cashfarm; usopt; usfarm; cashhmds; ushmds; secdefnj.
(MainThread) 200314_17:41:39.262 ERROR wrapper.py:56 ERROR 2001 310 No se puede encontrar la profundidad de mercado suscrita para tickerId:2001
(MainThread) 200314_17:41:39.263 ERROR wrapper.py:56 ERROR 2002 310 No se puede encontrar la profundidad de mercado suscrita para tickerId:2002
